\BOOKMARK [1][-]{section.1}{Combinatorial optimization}{}% 1
\BOOKMARK [2][-]{subsection.1.1}{Sparse max-flow}{section.1}% 2
\BOOKMARK [2][-]{subsection.1.2}{Min-cost max-flow}{section.1}% 3
\BOOKMARK [2][-]{subsection.1.3}{Push-relabel max-flow}{section.1}% 4
\BOOKMARK [2][-]{subsection.1.4}{Min-cost matching}{section.1}% 5
\BOOKMARK [2][-]{subsection.1.5}{Max bipartite matchine}{section.1}% 6
\BOOKMARK [2][-]{subsection.1.6}{Global min-cut}{section.1}% 7
\BOOKMARK [2][-]{subsection.1.7}{Graph cut inference}{section.1}% 8
\BOOKMARK [1][-]{section.2}{Geometry}{}% 9
\BOOKMARK [2][-]{subsection.2.1}{Convex hull}{section.2}% 10
\BOOKMARK [2][-]{subsection.2.2}{Miscellaneous geometry}{section.2}% 11
\BOOKMARK [2][-]{subsection.2.3}{Java geometry}{section.2}% 12
\BOOKMARK [2][-]{subsection.2.4}{3D geometry}{section.2}% 13
\BOOKMARK [2][-]{subsection.2.5}{Slow Delaunay triangulation}{section.2}% 14
\BOOKMARK [1][-]{section.3}{Numerical algorithms}{}% 15
\BOOKMARK [2][-]{subsection.3.1}{Number theory \(modular, Chinese remainder, linear Diophantine\)}{section.3}% 16
\BOOKMARK [2][-]{subsection.3.2}{Systems of linear equations, matrix inverse, determinant}{section.3}% 17
\BOOKMARK [2][-]{subsection.3.3}{Reduced row echelon form, matrix rank}{section.3}% 18
\BOOKMARK [2][-]{subsection.3.4}{Fast Fourier transform}{section.3}% 19
\BOOKMARK [2][-]{subsection.3.5}{Simplex algorithm}{section.3}% 20
\BOOKMARK [1][-]{section.4}{Graph algorithms}{}% 21
\BOOKMARK [2][-]{subsection.4.1}{Fast Dijkstra's algorithm}{section.4}% 22
\BOOKMARK [2][-]{subsection.4.2}{Strongly connected components}{section.4}% 23
\BOOKMARK [2][-]{subsection.4.3}{Eulerian path}{section.4}% 24
\BOOKMARK [1][-]{section.5}{Data structures}{}% 25
\BOOKMARK [2][-]{subsection.5.1}{Suffix array}{section.5}% 26
\BOOKMARK [2][-]{subsection.5.2}{Binary Indexed Tree}{section.5}% 27
\BOOKMARK [2][-]{subsection.5.3}{Union-find set}{section.5}% 28
\BOOKMARK [2][-]{subsection.5.4}{KD-tree}{section.5}% 29
\BOOKMARK [2][-]{subsection.5.5}{Splay tree}{section.5}% 30
\BOOKMARK [2][-]{subsection.5.6}{Lazy segment tree}{section.5}% 31
\BOOKMARK [2][-]{subsection.5.7}{Lowest common ancestor}{section.5}% 32
\BOOKMARK [1][-]{section.6}{Miscellaneous}{}% 33
\BOOKMARK [2][-]{subsection.6.1}{Longest increasing subsequence}{section.6}% 34
\BOOKMARK [2][-]{subsection.6.2}{Dates}{section.6}% 35
\BOOKMARK [2][-]{subsection.6.3}{Regular expressions}{section.6}% 36
\BOOKMARK [2][-]{subsection.6.4}{Prime numbers}{section.6}% 37
\BOOKMARK [2][-]{subsection.6.5}{C++ input/output}{section.6}% 38
\BOOKMARK [2][-]{subsection.6.6}{Knuth-Morris-Pratt}{section.6}% 39
\BOOKMARK [2][-]{subsection.6.7}{Latitude/longitude}{section.6}% 40
\BOOKMARK [2][-]{subsection.6.8}{Emacs settings}{section.6}% 41
